[1.263s] DEBUG:colcon:Command line arguments: ['/usr/bin/colcon', 'build']
[1.263s] DEBUG:colcon:Parsed command line arguments: Namespace(log_base=None, log_level=None, verb_name='build', build_base='build', install_base='install', merge_install=False, symlink_install=False, test_result_base=None, continue_on_error=False, executor='parallel', parallel_workers=8, event_handlers=None, ignore_user_meta=False, metas=['./colcon.meta'], base_paths=['.'], packages_ignore=None, packages_ignore_regex=None, paths=None, packages_up_to=None, packages_up_to_regex=None, packages_above=None, packages_above_and_dependencies=None, packages_above_depth=None, packages_select_by_dep=None, packages_skip_by_dep=None, packages_skip_up_to=None, packages_select_build_failed=False, packages_skip_build_finished=False, packages_select_test_failures=False, packages_skip_test_passed=False, packages_select=None, packages_skip=None, packages_select_regex=None, packages_skip_regex=None, packages_start=None, packages_end=None, allow_overriding=[], cmake_args=None, cmake_target=None, cmake_target_skip_unavailable=False, cmake_clean_cache=False, cmake_clean_first=False, cmake_force_configure=False, ament_cmake_args=None, catkin_cmake_args=None, catkin_skip_building_tests=False, verb_parser=<colcon_defaults.argument_parser.defaults.DefaultArgumentsDecorator object at 0x7fc83fea9de0>, verb_extension=<colcon_core.verb.build.BuildVerb object at 0x7fc8406b34c0>, main=<bound method BuildVerb.main of <colcon_core.verb.build.BuildVerb object at 0x7fc8406b34c0>>)
[1.388s] Level 1:colcon.colcon_core.package_discovery:discover_packages(colcon_meta) check parameters
[1.388s] Level 1:colcon.colcon_core.package_discovery:discover_packages(recursive) check parameters
[1.388s] Level 1:colcon.colcon_core.package_discovery:discover_packages(ignore) check parameters
[1.389s] Level 1:colcon.colcon_core.package_discovery:discover_packages(path) check parameters
[1.389s] Level 1:colcon.colcon_core.package_discovery:discover_packages(colcon_meta) discover
[1.389s] Level 1:colcon.colcon_core.package_discovery:discover_packages(recursive) discover
[1.389s] INFO:colcon.colcon_core.package_discovery:Crawling recursively for packages in '/home/erkun/samba/dev_ws/src/hello_package'
[1.389s] Level 1:colcon.colcon_core.package_identification:_identify(.) by extensions ['ignore', 'ignore_ament_install']
[1.389s] Level 1:colcon.colcon_core.package_identification:_identify(.) by extension 'ignore'
[1.390s] Level 1:colcon.colcon_core.package_identification:_identify(.) by extension 'ignore_ament_install'
[1.390s] Level 1:colcon.colcon_core.package_identification:_identify(.) by extensions ['colcon_pkg']
[1.390s] Level 1:colcon.colcon_core.package_identification:_identify(.) by extension 'colcon_pkg'
[1.390s] Level 1:colcon.colcon_core.package_identification:_identify(.) by extensions ['colcon_meta']
[1.390s] Level 1:colcon.colcon_core.package_identification:_identify(.) by extension 'colcon_meta'
[1.390s] Level 1:colcon.colcon_core.package_identification:_identify(.) by extensions ['ros']
[1.390s] Level 1:colcon.colcon_core.package_identification:_identify(.) by extension 'ros'
[1.410s] DEBUG:colcon.colcon_core.package_identification:Package '.' with type 'ros.ament_cmake' and name 'hello_package'
[1.410s] Level 1:colcon.colcon_core.package_discovery:discover_packages(recursive) using defaults
[1.410s] Level 1:colcon.colcon_core.package_discovery:discover_packages(ignore) discover
[1.410s] Level 1:colcon.colcon_core.package_discovery:discover_packages(ignore) using defaults
[1.410s] Level 1:colcon.colcon_core.package_discovery:discover_packages(path) discover
[1.410s] Level 1:colcon.colcon_core.package_discovery:discover_packages(path) using defaults
[1.442s] Level 1:colcon.colcon_core.package_discovery:discover_packages(prefix_path) check parameters
[1.443s] Level 1:colcon.colcon_core.package_discovery:discover_packages(prefix_path) discover
[1.453s] DEBUG:colcon.colcon_installed_package_information.package_discovery:Found 270 installed packages in /opt/ros/humble
[1.466s] Level 1:colcon.colcon_core.package_discovery:discover_packages(prefix_path) using defaults
[1.746s] Level 5:colcon.colcon_core.verb:set package 'hello_package' build argument 'cmake_args' from command line to 'None'
[1.746s] Level 5:colcon.colcon_core.verb:set package 'hello_package' build argument 'cmake_target' from command line to 'None'
[1.747s] Level 5:colcon.colcon_core.verb:set package 'hello_package' build argument 'cmake_target_skip_unavailable' from command line to 'False'
[1.747s] Level 5:colcon.colcon_core.verb:set package 'hello_package' build argument 'cmake_clean_cache' from command line to 'False'
[1.747s] Level 5:colcon.colcon_core.verb:set package 'hello_package' build argument 'cmake_clean_first' from command line to 'False'
[1.747s] Level 5:colcon.colcon_core.verb:set package 'hello_package' build argument 'cmake_force_configure' from command line to 'False'
[1.747s] Level 5:colcon.colcon_core.verb:set package 'hello_package' build argument 'ament_cmake_args' from command line to 'None'
[1.747s] Level 5:colcon.colcon_core.verb:set package 'hello_package' build argument 'catkin_cmake_args' from command line to 'None'
[1.747s] Level 5:colcon.colcon_core.verb:set package 'hello_package' build argument 'catkin_skip_building_tests' from command line to 'False'
[1.747s] DEBUG:colcon.colcon_core.verb:Building package 'hello_package' with the following arguments: {'ament_cmake_args': None, 'build_base': '/home/erkun/samba/dev_ws/src/hello_package/build/hello_package', 'catkin_cmake_args': None, 'catkin_skip_building_tests': False, 'cmake_args': None, 'cmake_clean_cache': False, 'cmake_clean_first': False, 'cmake_force_configure': False, 'cmake_target': None, 'cmake_target_skip_unavailable': False, 'install_base': '/home/erkun/samba/dev_ws/src/hello_package/install/hello_package', 'merge_install': False, 'path': '/home/erkun/samba/dev_ws/src/hello_package', 'symlink_install': False, 'test_result_base': None}
[1.749s] INFO:colcon.colcon_core.executor:Executing jobs using 'parallel' executor
[1.757s] DEBUG:colcon.colcon_parallel_executor.executor.parallel:run_until_complete
[1.757s] INFO:colcon.colcon_ros.task.ament_cmake.build:Building ROS package in '/home/erkun/samba/dev_ws/src/hello_package' with build type 'ament_cmake'
[1.758s] INFO:colcon.colcon_cmake.task.cmake.build:Building CMake package in '/home/erkun/samba/dev_ws/src/hello_package'
[1.769s] INFO:colcon.colcon_core.plugin_system:Skipping extension 'colcon_core.shell.bat': Not used on non-Windows systems
[1.770s] INFO:colcon.colcon_core.shell:Skip shell extension 'powershell' for command environment: Not usable outside of PowerShell
[1.770s] DEBUG:colcon.colcon_core.shell:Skip shell extension 'dsv' for command environment
[1.838s] DEBUG:colcon.colcon_core.event_handler.log_command:Invoking command in '/home/erkun/samba/dev_ws/src/hello_package/build/hello_package': CMAKE_PREFIX_PATH=/opt/ros/humble /usr/bin/cmake /home/erkun/samba/dev_ws/src/hello_package -DCMAKE_INSTALL_PREFIX=/home/erkun/samba/dev_ws/src/hello_package/install/hello_package
[5.391s] DEBUG:colcon.colcon_core.event_handler.log_command:Invoked command in '/home/erkun/samba/dev_ws/src/hello_package/build/hello_package' returned '0': CMAKE_PREFIX_PATH=/opt/ros/humble /usr/bin/cmake /home/erkun/samba/dev_ws/src/hello_package -DCMAKE_INSTALL_PREFIX=/home/erkun/samba/dev_ws/src/hello_package/install/hello_package
[5.402s] DEBUG:colcon.colcon_core.event_handler.log_command:Invoking command in '/home/erkun/samba/dev_ws/src/hello_package/build/hello_package': CMAKE_PREFIX_PATH=/opt/ros/humble /usr/bin/cmake --build /home/erkun/samba/dev_ws/src/hello_package/build/hello_package -- -j8 -l8
[6.386s] DEBUG:colcon.colcon_core.event_handler.log_command:Invoked command in '/home/erkun/samba/dev_ws/src/hello_package/build/hello_package' returned '0': CMAKE_PREFIX_PATH=/opt/ros/humble /usr/bin/cmake --build /home/erkun/samba/dev_ws/src/hello_package/build/hello_package -- -j8 -l8
[6.528s] DEBUG:colcon.colcon_core.event_handler.log_command:Invoking command in '/home/erkun/samba/dev_ws/src/hello_package/build/hello_package': CMAKE_PREFIX_PATH=/opt/ros/humble /usr/bin/cmake --install /home/erkun/samba/dev_ws/src/hello_package/build/hello_package
[6.582s] Level 1:colcon.colcon_core.environment:create_environment_scripts_only(hello_package)
[6.587s] DEBUG:colcon.colcon_core.event_handler.log_command:Invoked command in '/home/erkun/samba/dev_ws/src/hello_package/build/hello_package' returned '0': CMAKE_PREFIX_PATH=/opt/ros/humble /usr/bin/cmake --install /home/erkun/samba/dev_ws/src/hello_package/build/hello_package
[6.601s] Level 1:colcon.colcon_core.environment:checking '/home/erkun/samba/dev_ws/src/hello_package/install/hello_package' for CMake module files
[6.602s] Level 1:colcon.colcon_core.environment:checking '/home/erkun/samba/dev_ws/src/hello_package/install/hello_package' for CMake config files
[6.603s] Level 1:colcon.colcon_core.shell:create_environment_hook('hello_package', 'cmake_prefix_path')
[6.609s] INFO:colcon.colcon_core.shell:Creating environment hook '/home/erkun/samba/dev_ws/src/hello_package/install/hello_package/share/hello_package/hook/cmake_prefix_path.ps1'
[6.611s] INFO:colcon.colcon_core.shell:Creating environment descriptor '/home/erkun/samba/dev_ws/src/hello_package/install/hello_package/share/hello_package/hook/cmake_prefix_path.dsv'
[6.612s] INFO:colcon.colcon_core.shell:Creating environment hook '/home/erkun/samba/dev_ws/src/hello_package/install/hello_package/share/hello_package/hook/cmake_prefix_path.sh'
[6.614s] Level 1:colcon.colcon_core.environment:checking '/home/erkun/samba/dev_ws/src/hello_package/install/hello_package/lib'
[6.615s] Level 1:colcon.colcon_core.environment:checking '/home/erkun/samba/dev_ws/src/hello_package/install/hello_package/bin'
[6.615s] Level 1:colcon.colcon_core.environment:checking '/home/erkun/samba/dev_ws/src/hello_package/install/hello_package/lib/pkgconfig/hello_package.pc'
[6.616s] Level 1:colcon.colcon_core.environment:checking '/home/erkun/samba/dev_ws/src/hello_package/install/hello_package/lib/python3.10/site-packages'
[6.616s] Level 1:colcon.colcon_core.environment:checking '/home/erkun/samba/dev_ws/src/hello_package/install/hello_package/bin'
[6.620s] INFO:colcon.colcon_core.shell:Creating package script '/home/erkun/samba/dev_ws/src/hello_package/install/hello_package/share/hello_package/package.ps1'
[6.621s] INFO:colcon.colcon_core.shell:Creating package descriptor '/home/erkun/samba/dev_ws/src/hello_package/install/hello_package/share/hello_package/package.dsv'
[6.623s] INFO:colcon.colcon_core.shell:Creating package script '/home/erkun/samba/dev_ws/src/hello_package/install/hello_package/share/hello_package/package.sh'
[6.624s] INFO:colcon.colcon_core.shell:Creating package script '/home/erkun/samba/dev_ws/src/hello_package/install/hello_package/share/hello_package/package.bash'
[6.626s] INFO:colcon.colcon_core.shell:Creating package script '/home/erkun/samba/dev_ws/src/hello_package/install/hello_package/share/hello_package/package.zsh'
[6.628s] Level 1:colcon.colcon_core.environment:create_file_with_runtime_dependencies(/home/erkun/samba/dev_ws/src/hello_package/install/hello_package/share/colcon-core/packages/hello_package)
[6.703s] Level 1:colcon.colcon_core.environment:create_environment_scripts_only(hello_package)
[6.707s] Level 1:colcon.colcon_core.environment:checking '/home/erkun/samba/dev_ws/src/hello_package/install/hello_package' for CMake module files
[6.709s] Level 1:colcon.colcon_core.environment:checking '/home/erkun/samba/dev_ws/src/hello_package/install/hello_package' for CMake config files
[6.709s] Level 1:colcon.colcon_core.shell:create_environment_hook('hello_package', 'cmake_prefix_path')
[6.712s] INFO:colcon.colcon_core.shell:Creating environment hook '/home/erkun/samba/dev_ws/src/hello_package/install/hello_package/share/hello_package/hook/cmake_prefix_path.ps1'
[6.713s] INFO:colcon.colcon_core.shell:Creating environment descriptor '/home/erkun/samba/dev_ws/src/hello_package/install/hello_package/share/hello_package/hook/cmake_prefix_path.dsv'
[6.714s] INFO:colcon.colcon_core.shell:Creating environment hook '/home/erkun/samba/dev_ws/src/hello_package/install/hello_package/share/hello_package/hook/cmake_prefix_path.sh'
[6.716s] Level 1:colcon.colcon_core.environment:checking '/home/erkun/samba/dev_ws/src/hello_package/install/hello_package/lib'
[6.716s] Level 1:colcon.colcon_core.environment:checking '/home/erkun/samba/dev_ws/src/hello_package/install/hello_package/bin'
[6.716s] Level 1:colcon.colcon_core.environment:checking '/home/erkun/samba/dev_ws/src/hello_package/install/hello_package/lib/pkgconfig/hello_package.pc'
[6.717s] Level 1:colcon.colcon_core.environment:checking '/home/erkun/samba/dev_ws/src/hello_package/install/hello_package/lib/python3.10/site-packages'
[6.717s] Level 1:colcon.colcon_core.environment:checking '/home/erkun/samba/dev_ws/src/hello_package/install/hello_package/bin'
[6.720s] INFO:colcon.colcon_core.shell:Creating package script '/home/erkun/samba/dev_ws/src/hello_package/install/hello_package/share/hello_package/package.ps1'
[6.721s] INFO:colcon.colcon_core.shell:Creating package descriptor '/home/erkun/samba/dev_ws/src/hello_package/install/hello_package/share/hello_package/package.dsv'
[6.722s] INFO:colcon.colcon_core.shell:Creating package script '/home/erkun/samba/dev_ws/src/hello_package/install/hello_package/share/hello_package/package.sh'
[6.724s] INFO:colcon.colcon_core.shell:Creating package script '/home/erkun/samba/dev_ws/src/hello_package/install/hello_package/share/hello_package/package.bash'
[6.725s] INFO:colcon.colcon_core.shell:Creating package script '/home/erkun/samba/dev_ws/src/hello_package/install/hello_package/share/hello_package/package.zsh'
[6.726s] Level 1:colcon.colcon_core.environment:create_file_with_runtime_dependencies(/home/erkun/samba/dev_ws/src/hello_package/install/hello_package/share/colcon-core/packages/hello_package)
[6.727s] DEBUG:colcon.colcon_parallel_executor.executor.parallel:closing loop
[6.728s] DEBUG:colcon.colcon_parallel_executor.executor.parallel:loop closed
[6.728s] DEBUG:colcon.colcon_parallel_executor.executor.parallel:run_until_complete finished with '0'
[6.728s] DEBUG:colcon.colcon_core.event_reactor:joining thread
[6.770s] INFO:colcon.colcon_core.plugin_system:Skipping extension 'colcon_notification.desktop_notification.terminal_notifier': Not used on non-Darwin systems
[6.773s] INFO:colcon.colcon_core.plugin_system:Skipping extension 'colcon_notification.desktop_notification.win32': Not used on non-Windows systems
[6.775s] INFO:colcon.colcon_notification.desktop_notification:Sending desktop notification using 'notify2'
[7.083s] DEBUG:colcon.colcon_core.event_reactor:joined thread
[7.096s] INFO:colcon.colcon_core.shell:Creating prefix script '/home/erkun/samba/dev_ws/src/hello_package/install/local_setup.ps1'
[7.104s] INFO:colcon.colcon_core.shell:Creating prefix util module '/home/erkun/samba/dev_ws/src/hello_package/install/_local_setup_util_ps1.py'
[7.120s] INFO:colcon.colcon_core.shell:Creating prefix chain script '/home/erkun/samba/dev_ws/src/hello_package/install/setup.ps1'
[7.132s] INFO:colcon.colcon_core.shell:Creating prefix script '/home/erkun/samba/dev_ws/src/hello_package/install/local_setup.sh'
[7.135s] INFO:colcon.colcon_core.shell:Creating prefix util module '/home/erkun/samba/dev_ws/src/hello_package/install/_local_setup_util_sh.py'
[7.138s] INFO:colcon.colcon_core.shell:Creating prefix chain script '/home/erkun/samba/dev_ws/src/hello_package/install/setup.sh'
[7.148s] INFO:colcon.colcon_core.shell:Creating prefix script '/home/erkun/samba/dev_ws/src/hello_package/install/local_setup.bash'
[7.152s] INFO:colcon.colcon_core.shell:Creating prefix chain script '/home/erkun/samba/dev_ws/src/hello_package/install/setup.bash'
[7.161s] INFO:colcon.colcon_core.shell:Creating prefix script '/home/erkun/samba/dev_ws/src/hello_package/install/local_setup.zsh'
[7.166s] INFO:colcon.colcon_core.shell:Creating prefix chain script '/home/erkun/samba/dev_ws/src/hello_package/install/setup.zsh'
