[0.075s] Invoking command in '/home/erkun/samba/dev_ws/src/hello_package/build/hello_package': CMAKE_PREFIX_PATH=/opt/ros/humble /usr/bin/cmake /home/erkun/samba/dev_ws/src/hello_package -DCMAKE_INSTALL_PREFIX=/home/erkun/samba/dev_ws/src/hello_package/install/hello_package
[0.463s] -- The C compiler identification is GNU 11.3.0
[0.783s] -- The CXX compiler identification is GNU 11.3.0
[0.812s] -- Detecting C compiler ABI info
[1.322s] -- Detecting C compiler ABI info - done
[1.350s] -- Check for working C compiler: /usr/bin/cc - skipped
[1.351s] -- Detecting C compile features
[1.353s] -- Detecting C compile features - done
[1.364s] -- Detecting CXX compiler ABI info
[1.938s] -- Detecting CXX compiler ABI info - done
[1.964s] -- Check for working CXX compiler: /usr/bin/c++ - skipped
[1.965s] -- Detecting CXX compile features
[1.966s] -- Detecting CXX compile features - done
[1.974s] -- Found ament_cmake: 1.3.3 (/opt/ros/humble/share/ament_cmake/cmake)
[2.716s] -- Found Python3: /usr/bin/python3.10 (found version "3.10.6") found components: Interpreter 
[3.145s] -- Found ament_lint_auto: 0.12.5 (/opt/ros/humble/share/ament_lint_auto/cmake)
[3.423s] -- Added test 'cppcheck' to perform static code analysis on C / C++ code
[3.423s] -- Configured cppcheck include dirs: $<BUILD_INTERFACE:/home/erkun/samba/dev_ws/src/hello_package/include>
[3.423s] -- Configured cppcheck exclude dirs and/or files: 
[3.429s] -- Added test 'lint_cmake' to check CMake code style
[3.444s] -- Added test 'uncrustify' to check C / C++ code style
[3.445s] -- Configured uncrustify additional arguments: 
[3.447s] -- Added test 'xmllint' to check XML markup files
[3.450s] -- Configuring done
[3.592s] -- Generating done
[3.605s] -- Build files have been written to: /home/erkun/samba/dev_ws/src/hello_package/build/hello_package
[3.630s] Invoked command in '/home/erkun/samba/dev_ws/src/hello_package/build/hello_package' returned '0': CMAKE_PREFIX_PATH=/opt/ros/humble /usr/bin/cmake /home/erkun/samba/dev_ws/src/hello_package -DCMAKE_INSTALL_PREFIX=/home/erkun/samba/dev_ws/src/hello_package/install/hello_package
[3.642s] Invoking command in '/home/erkun/samba/dev_ws/src/hello_package/build/hello_package': CMAKE_PREFIX_PATH=/opt/ros/humble /usr/bin/cmake --build /home/erkun/samba/dev_ws/src/hello_package/build/hello_package -- -j8 -l8
[3.828s] [ 50%] [32mBuilding CXX object CMakeFiles/hello_node.dir/src/hello_node.cpp.o[0m
[4.339s] [100%] [32m[1mLinking CXX executable hello_node[0m
[4.584s] [100%] Built target hello_node
[4.626s] Invoked command in '/home/erkun/samba/dev_ws/src/hello_package/build/hello_package' returned '0': CMAKE_PREFIX_PATH=/opt/ros/humble /usr/bin/cmake --build /home/erkun/samba/dev_ws/src/hello_package/build/hello_package -- -j8 -l8
[4.768s] Invoking command in '/home/erkun/samba/dev_ws/src/hello_package/build/hello_package': CMAKE_PREFIX_PATH=/opt/ros/humble /usr/bin/cmake --install /home/erkun/samba/dev_ws/src/hello_package/build/hello_package
[4.801s] -- Install configuration: ""
[4.802s] -- Installing: /home/erkun/samba/dev_ws/src/hello_package/install/hello_package/lib/hello_package/hello_node
[4.805s] -- Installing: /home/erkun/samba/dev_ws/src/hello_package/install/hello_package/share/ament_index/resource_index/package_run_dependencies/hello_package
[4.806s] -- Installing: /home/erkun/samba/dev_ws/src/hello_package/install/hello_package/share/ament_index/resource_index/parent_prefix_path/hello_package
[4.807s] -- Installing: /home/erkun/samba/dev_ws/src/hello_package/install/hello_package/share/hello_package/environment/ament_prefix_path.sh
[4.808s] -- Installing: /home/erkun/samba/dev_ws/src/hello_package/install/hello_package/share/hello_package/environment/ament_prefix_path.dsv
[4.809s] -- Installing: /home/erkun/samba/dev_ws/src/hello_package/install/hello_package/share/hello_package/environment/path.sh
[4.810s] -- Installing: /home/erkun/samba/dev_ws/src/hello_package/install/hello_package/share/hello_package/environment/path.dsv
[4.810s] -- Installing: /home/erkun/samba/dev_ws/src/hello_package/install/hello_package/share/hello_package/local_setup.bash
[4.811s] -- Installing: /home/erkun/samba/dev_ws/src/hello_package/install/hello_package/share/hello_package/local_setup.sh
[4.812s] -- Installing: /home/erkun/samba/dev_ws/src/hello_package/install/hello_package/share/hello_package/local_setup.zsh
[4.813s] -- Installing: /home/erkun/samba/dev_ws/src/hello_package/install/hello_package/share/hello_package/local_setup.dsv
[4.814s] -- Installing: /home/erkun/samba/dev_ws/src/hello_package/install/hello_package/share/hello_package/package.dsv
[4.815s] -- Installing: /home/erkun/samba/dev_ws/src/hello_package/install/hello_package/share/ament_index/resource_index/packages/hello_package
[4.816s] -- Installing: /home/erkun/samba/dev_ws/src/hello_package/install/hello_package/share/hello_package/cmake/hello_packageConfig.cmake
[4.817s] -- Installing: /home/erkun/samba/dev_ws/src/hello_package/install/hello_package/share/hello_package/cmake/hello_packageConfig-version.cmake
[4.818s] -- Installing: /home/erkun/samba/dev_ws/src/hello_package/install/hello_package/share/hello_package/package.xml
[4.827s] Invoked command in '/home/erkun/samba/dev_ws/src/hello_package/build/hello_package' returned '0': CMAKE_PREFIX_PATH=/opt/ros/humble /usr/bin/cmake --install /home/erkun/samba/dev_ws/src/hello_package/build/hello_package
